#
# There is insufficient memory for the Java Runtime Environment to continue.
# Native memory allocation (malloc) failed to allocate 1473216 bytes for Chunk::new
# Possible reasons:
#   The system is out of physical RAM or swap space
#   In 32 bit mode, the process size limit was hit
# Possible solutions:
#   Reduce memory load on the system
#   Increase physical memory or swap space
#   Check if swap backing store is full
#   Use 64 bit Java on a 64 bit OS
#   Decrease Java heap size (-Xmx/-Xms)
#   Decrease number of Java threads
#   Decrease Java thread stack sizes (-Xss)
#   Set larger code cache with -XX:ReservedCodeCacheSize=
# This output file may be truncated or incomplete.
#
#  Out of Memory Error (allocation.cpp:390), pid=2256, tid=0x00000000000016b0
#
# JRE version: OpenJDK Runtime Environment (8.0_152-b02) (build 1.8.0_152-release-1024-b02)
# Java VM: OpenJDK 64-Bit Server VM (25.152-b02 mixed mode windows-amd64 compressed oops)
# Failed to write core dump. Minidumps are not enabled by default on client versions of Windows
#

---------------  T H R E A D  ---------------

Current thread (0x0000000018d75000):  JavaThread "C2 CompilerThread1" daemon [_thread_in_native, id=5808, stack(0x0000000019630000,0x0000000019730000)]

Stack: [0x0000000019630000,0x0000000019730000]
[error occurred during error reporting (printing stack bounds), id 0xc0000005]

Native frames: (J=compiled Java code, j=interpreted, Vv=VM code, C=native code)


Current CompileTask:
C2:   3484 1362       4       java.net.URLClassLoader$1::run (5 bytes)


---------------  P R O C E S S  ---------------

Java Threads: ( => current thread )
  0x000000001acf3800 JavaThread "Cache worker for file hash cache (D:\ud845-Pets-starting-point\BookStoreApp\.gradle\4.4\fileHashes)" [_thread_blocked, id=8176, stack(0x000000001d980000,0x000000001da80000)]
  0x000000001ad99800 JavaThread "File lock request listener" [_thread_in_native, id=13624, stack(0x000000001c780000,0x000000001c880000)]
  0x000000001ae7f000 JavaThread "Cache worker for file hash cache (C:\Users\Cyrus\.gradle\caches\4.4\fileHashes)" [_thread_blocked, id=19444, stack(0x000000001c680000,0x000000001c780000)]
  0x000000001abbe800 JavaThread "Stdin handler" [_thread_blocked, id=17692, stack(0x000000001c380000,0x000000001c480000)]
  0x000000001abd9000 JavaThread "Asynchronous log dispatcher for DefaultDaemonConnection: socket connection from /127.0.0.1:51258 to /127.0.0.1:51259" [_thread_blocked, id=17476, stack(0x000000001c180000,0x000000001c280000)]
  0x000000001abec800 JavaThread "Daemon worker" [_thread_in_vm, id=9300, stack(0x000000001c080000,0x000000001c180000)]
  0x000000001abe9800 JavaThread "Cancel handler" [_thread_blocked, id=6616, stack(0x000000001bf80000,0x000000001c080000)]
  0x000000001abad800 JavaThread "Handler for socket connection from /127.0.0.1:51258 to /127.0.0.1:51259" [_thread_in_native, id=14700, stack(0x000000001bc80000,0x000000001bd80000)]
  0x000000001abaa800 JavaThread "Daemon" [_thread_blocked, id=19436, stack(0x000000001bb80000,0x000000001bc80000)]
  0x000000001ab2a800 JavaThread "Daemon periodic checks" [_thread_blocked, id=17660, stack(0x000000001ba80000,0x000000001bb80000)]
  0x000000001ab29800 JavaThread "Incoming local TCP Connector on port 51258" [_thread_in_native, id=11704, stack(0x000000001b840000,0x000000001b940000)]
  0x0000000018e03000 JavaThread "Service Thread" daemon [_thread_blocked, id=5036, stack(0x0000000019930000,0x0000000019a30000)]
  0x0000000018d74800 JavaThread "C1 CompilerThread3" daemon [_thread_blocked, id=2128, stack(0x0000000019830000,0x0000000019930000)]
  0x0000000018d73800 JavaThread "C2 CompilerThread2" daemon [_thread_blocked, id=12556, stack(0x0000000019730000,0x0000000019830000)]
=>0x0000000018d75000 JavaThread "C2 CompilerThread1" daemon [_thread_in_native, id=5808, stack(0x0000000019630000,0x0000000019730000)]
  0x0000000018d69800 JavaThread "C2 CompilerThread0" daemon [_thread_blocked, id=19184, stack(0x0000000019530000,0x0000000019630000)]
  0x0000000018d67800 JavaThread "Attach Listener" daemon [_thread_blocked, id=11292, stack(0x0000000019430000,0x0000000019530000)]
  0x0000000018d66000 JavaThread "Signal Dispatcher" daemon [_thread_blocked, id=6456, stack(0x0000000019330000,0x0000000019430000)]
  0x0000000018d60800 JavaThread "Finalizer" daemon [_thread_blocked, id=18664, stack(0x0000000019140000,0x0000000019240000)]
  0x0000000003068800 JavaThread "Reference Handler" daemon [_thread_blocked, id=16740, stack(0x0000000018c40000,0x0000000018d40000)]
  0x0000000002f6e000 JavaThread "main" [_thread_blocked, id=10408, stack(0x0000000002e20000,0x0000000002f20000)]

Other Threads:
  0x0000000016e47000 VMThread [stack: 0x0000000018b40000,0x0000000018c40000] [id=10576]
  0x0000000018e03800 WatcherThread [stack: 0x0000000019a30000,0x0000000019b30000] [id=12308]

VM state:not at safepoint (normal execution)

VM Mutex/Monitor currently owned by a thread: None

Heap:
 PSYoungGen      total 95744K, used 46458K [0x00000000e0000000, 0x00000000e6a80000, 0x0000000100000000)
  eden space 82432K, 45% used [0x00000000e0000000,0x00000000e24ad9c0,0x00000000e5080000)
  from space 13312K, 66% used [0x00000000e5080000,0x00000000e5931168,0x00000000e5d80000)
  to   space 13312K, 0% used [0x00000000e5d80000,0x00000000e5d80000,0x00000000e6a80000)
 ParOldGen       total 218624K, used 16K [0x00000000a0000000, 0x00000000ad580000, 0x00000000e0000000)
  object space 218624K, 0% used [0x00000000a0000000,0x00000000a0004000,0x00000000ad580000)
 Metaspace       used 15150K, capacity 15414K, committed 15616K, reserved 1062912K
  class space    used 2137K, capacity 2251K, committed 2304K, reserved 1048576K

Card table byte_map: [0x0000000012430000,0x0000000012740000] byte_map_base: 0x0000000011f30000

Marking Bits: (ParMarkBitMap*) 0x0000000074fd4970
 Begin Bits: [0x0000000013140000, 0x0000000014940000)
 End Bits:   [0x0000000014940000, 0x0000000016140000)

Polling page: 0x0000000002f20000

CodeCache: size=245760Kb used=4916Kb max_used=4929Kb free=240843Kb
 bounds [0x0000000003070000, 0x0000000003550000, 0x0000000012070000]
 total_blobs=1840 nmethods=1467 adapters=286
 compilation: enabled

Compilation events (10 events):
Event: 3.455 Thread 0x0000000018d74800 nmethod 1464 0x0000000003537150 code [0x0000000003537300, 0x0000000003537850]
Event: 3.456 Thread 0x0000000018d74800 1465   !   3       org.gradle.internal.classloader.TransformingClassLoader::findClass (203 bytes)
Event: 3.458 Thread 0x0000000018d74800 nmethod 1465 0x00000000035399d0 code [0x0000000003539e20, 0x000000000353c5f8]
Event: 3.458 Thread 0x0000000018d74800 1466       3       org.gradle.initialization.MixInLegacyTypesClassLoader::shouldTransform (42 bytes)
Event: 3.459 Thread 0x0000000018d74800 nmethod 1466 0x00000000035369d0 code [0x0000000003536b60, 0x0000000003536fb8]
Event: 3.460 Thread 0x0000000018d74800 1467       3       java.util.concurrent.locks.ReentrantLock$Sync::<init> (5 bytes)
Event: 3.461 Thread 0x0000000018d74800 nmethod 1467 0x00000000035364d0 code [0x0000000003536640, 0x00000000035368b0]
Event: 3.463 Thread 0x0000000018d74800 1468       3       java.io.WinNTFileSystem::parentOrNull (171 bytes)
Event: 3.463 Thread 0x0000000018d74800 nmethod 1468 0x0000000003534e10 code [0x0000000003535040, 0x0000000003535e98]
Event: 3.465 Thread 0x0000000018d69800 nmethod 1461 0x0000000003541650 code [0x0000000003541800, 0x00000000035424b0]

GC Heap History (2 events):
Event: 2.972 GC heap before
{Heap before GC invocations=1 (full 0):
 PSYoungGen      total 95744K, used 82432K [0x00000000e0000000, 0x00000000e6a80000, 0x0000000100000000)
  eden space 82432K, 100% used [0x00000000e0000000,0x00000000e5080000,0x00000000e5080000)
  from space 13312K, 0% used [0x00000000e5d80000,0x00000000e5d80000,0x00000000e6a80000)
  to   space 13312K, 0% used [0x00000000e5080000,0x00000000e5080000,0x00000000e5d80000)
 ParOldGen       total 218624K, used 0K [0x00000000a0000000, 0x00000000ad580000, 0x00000000e0000000)
  object space 218624K, 0% used [0x00000000a0000000,0x00000000a0000000,0x00000000ad580000)
 Metaspace       used 12249K, capacity 12562K, committed 12800K, reserved 1060864K
  class space    used 1640K, capacity 1769K, committed 1792K, reserved 1048576K
Event: 2.985 GC heap after
Heap after GC invocations=1 (full 0):
 PSYoungGen      total 95744K, used 8900K [0x00000000e0000000, 0x00000000e6a80000, 0x0000000100000000)
  eden space 82432K, 0% used [0x00000000e0000000,0x00000000e0000000,0x00000000e5080000)
  from space 13312K, 66% used [0x00000000e5080000,0x00000000e5931168,0x00000000e5d80000)
  to   space 13312K, 0% used [0x00000000e5d80000,0x00000000e5d80000,0x00000000e6a80000)
 ParOldGen       total 218624K, used 16K [0x00000000a0000000, 0x00000000ad580000, 0x00000000e0000000)
  object space 218624K, 0% used [0x00000000a0000000,0x00000000a0004000,0x00000000ad580000)
 Metaspace       used 12249K, capacity 12562K, committed 12800K, reserved 1060864K
  class space    used 1640K, capacity 1769K, committed 1792K, reserved 1048576K
}

Deoptimization events (10 events):
Event: 1.507 Thread 0x0000000002f6e000 Uncommon trap: reason=bimorphic action=maybe_recompile pc=0x00000000032e8944 method=java.util.HashMap.putVal(ILjava/lang/Object;Ljava/lang/Object;ZZ)Ljava/lang/Object; @ 91
Event: 1.732 Thread 0x0000000002f6e000 Uncommon trap: reason=bimorphic action=maybe_recompile pc=0x00000000033876d8 method=java.util.HashMap.putVal(ILjava/lang/Object;Ljava/lang/Object;ZZ)Ljava/lang/Object; @ 203
Event: 2.009 Thread 0x0000000002f6e000 Uncommon trap: reason=unstable_if action=reinterpret pc=0x000000000333799c method=java.io.WinNTFileSystem.normalize(Ljava/lang/String;)Ljava/lang/String; @ 128
Event: 2.815 Thread 0x000000001abad800 Uncommon trap: reason=unstable_if action=reinterpret pc=0x00000000033ff51c method=java.util.concurrent.ConcurrentHashMap.putVal(Ljava/lang/Object;Ljava/lang/Object;Z)Ljava/lang/Object; @ 206
Event: 2.924 Thread 0x000000001abec800 Uncommon trap: reason=bimorphic action=maybe_recompile pc=0x0000000003387168 method=java.util.HashMap.putVal(ILjava/lang/Object;Ljava/lang/Object;ZZ)Ljava/lang/Object; @ 253
Event: 2.924 Thread 0x000000001abec800 Uncommon trap: reason=bimorphic action=maybe_recompile pc=0x0000000003387168 method=java.util.HashMap.putVal(ILjava/lang/Object;Ljava/lang/Object;ZZ)Ljava/lang/Object; @ 253
Event: 2.924 Thread 0x000000001abec800 Uncommon trap: reason=bimorphic action=maybe_recompile pc=0x00000000034a73f8 method=java.util.HashMap.putVal(ILjava/lang/Object;Ljava/lang/Object;ZZ)Ljava/lang/Object; @ 253
Event: 2.939 Thread 0x000000001abec800 Uncommon trap: reason=class_check action=maybe_recompile pc=0x00000000032da41c method=java.util.regex.Matcher.match(II)Z @ 86
Event: 3.263 Thread 0x000000001abec800 Uncommon trap: reason=class_check action=maybe_recompile pc=0x00000000032da41c method=java.util.regex.Matcher.match(II)Z @ 86
Event: 3.346 Thread 0x000000001abec800 Uncommon trap: reason=unstable_if action=reinterpret pc=0x00000000034d9ff4 method=java.lang.String.lastIndexOf([CII[CIII)I @ 66

Classes redefined (0 events):
No events

Internal exceptions (10 events):
Event: 2.835 Thread 0x000000001abad800 Exception <a 'java/lang/NoSuchMethodError': <clinit>> (0x00000000e479cbc0) thrown at [D:\src\AOSP-openjdk-cygwin\jdk8u\hotspot\src\share\vm\prims\jni.cpp, line 1613]
Event: 2.837 Thread 0x000000001abad800 Exception <a 'java/lang/NoSuchMethodError': <clinit>> (0x00000000e47b46c8) thrown at [D:\src\AOSP-openjdk-cygwin\jdk8u\hotspot\src\share\vm\prims\jni.cpp, line 1613]
Event: 2.838 Thread 0x000000001abad800 Exception <a 'java/lang/NoSuchMethodError': <clinit>> (0x00000000e47bd150) thrown at [D:\src\AOSP-openjdk-cygwin\jdk8u\hotspot\src\share\vm\prims\jni.cpp, line 1613]
Event: 2.839 Thread 0x000000001abad800 Exception <a 'java/lang/NoSuchMethodError': <clinit>> (0x00000000e47ce7c0) thrown at [D:\src\AOSP-openjdk-cygwin\jdk8u\hotspot\src\share\vm\prims\jni.cpp, line 1613]
Event: 2.856 Thread 0x000000001abad800 Exception <a 'java/lang/NoSuchMethodError': <clinit>> (0x00000000e483a3a8) thrown at [D:\src\AOSP-openjdk-cygwin\jdk8u\hotspot\src\share\vm\prims\jni.cpp, line 1613]
Event: 2.859 Thread 0x000000001abad800 Exception <a 'java/lang/NoSuchMethodError': <clinit>> (0x00000000e485dcb0) thrown at [D:\src\AOSP-openjdk-cygwin\jdk8u\hotspot\src\share\vm\prims\jni.cpp, line 1613]
Event: 2.865 Thread 0x000000001abad800 Exception <a 'java/lang/NoSuchMethodError': <clinit>> (0x00000000e4878bb8) thrown at [D:\src\AOSP-openjdk-cygwin\jdk8u\hotspot\src\share\vm\prims\jni.cpp, line 1613]
Event: 2.869 Thread 0x000000001abad800 Exception <a 'java/lang/NoSuchMethodError': <clinit>> (0x00000000e489e510) thrown at [D:\src\AOSP-openjdk-cygwin\jdk8u\hotspot\src\share\vm\prims\jni.cpp, line 1613]
Event: 2.910 Thread 0x000000001abec800 Exception <a 'java/lang/NoSuchMethodError': <clinit>> (0x00000000e4bce5b0) thrown at [D:\src\AOSP-openjdk-cygwin\jdk8u\hotspot\src\share\vm\prims\jni.cpp, line 1613]
Event: 2.911 Thread 0x000000001abec800 Exception <a 'java/lang/NoSuchMethodError': <clinit>> (0x00000000e4bd6838) thrown at [D:\src\AOSP-openjdk-cygwin\jdk8u\hotspot\src\share\vm\prims\jni.cpp, line 1613]

Events (10 events):
Event: 3.478 loading class org/apache/commons/collections/map/AbstractHashedMap$Values
Event: 3.478 loading class org/apache/commons/collections/map/AbstractHashedMap$Values done
Event: 3.479 loading class org/apache/commons/collections/map/AbstractReferenceMap$ReferenceValues
Event: 3.479 loading class org/apache/commons/collections/map/AbstractReferenceMap$ReferenceValues done
Event: 3.480 loading class org/gradle/api/internal/NoConventionMapping
Event: 3.480 loading class org/gradle/api/internal/NoConventionMapping done
Event: 3.481 loading class sun/reflect/annotation/AnnotationParser
Event: 3.481 loading class sun/reflect/annotation/AnnotationParser done
Event: 3.481 loading class org/gradle/api/NonExtensible
Event: 3.481 loading class org/gradle/api/NonExtensible done


Dynamic libraries:
0x00007ff7870a0000 - 0x00007ff7870d1000 	F:\Android Studio\jre\bin\java.exe
0x00007ffc6f3e0000 - 0x00007ffc6f5c1000 	C:\WINDOWS\SYSTEM32\ntdll.dll
0x00007ffc6c870000 - 0x00007ffc6c922000 	C:\WINDOWS\System32\KERNEL32.DLL
0x00007ffc6b7b0000 - 0x00007ffc6ba23000 	C:\WINDOWS\System32\KERNELBASE.dll
0x00007ffc6edb0000 - 0x00007ffc6ee51000 	C:\WINDOWS\System32\ADVAPI32.dll
0x00007ffc6d5a0000 - 0x00007ffc6d63e000 	C:\WINDOWS\System32\msvcrt.dll
0x00007ffc6cfc0000 - 0x00007ffc6d01b000 	C:\WINDOWS\System32\sechost.dll
0x00007ffc6d020000 - 0x00007ffc6d144000 	C:\WINDOWS\System32\RPCRT4.dll
0x00007ffc6cdc0000 - 0x00007ffc6cf50000 	C:\WINDOWS\System32\USER32.dll
0x00007ffc6bc60000 - 0x00007ffc6bc80000 	C:\WINDOWS\System32\win32u.dll
0x00007ffc6d360000 - 0x00007ffc6d388000 	C:\WINDOWS\System32\GDI32.dll
0x00007ffc6c620000 - 0x00007ffc6c7b2000 	C:\WINDOWS\System32\gdi32full.dll
0x00007ffc6c580000 - 0x00007ffc6c61f000 	C:\WINDOWS\System32\msvcp_win.dll
0x00007ffc6bae0000 - 0x00007ffc6bbda000 	C:\WINDOWS\System32\ucrtbase.dll
0x00007ffc5d300000 - 0x00007ffc5d569000 	C:\WINDOWS\WinSxS\amd64_microsoft.windows.common-controls_6595b64144ccf1df_6.0.17134.165_none_fb429645306569ac\COMCTL32.dll
0x00007ffc6c930000 - 0x00007ffc6cc53000 	C:\WINDOWS\System32\combase.dll
0x00007ffc6bbe0000 - 0x00007ffc6bc5a000 	C:\WINDOWS\System32\bcryptPrimitives.dll
0x00007ffc6f2b0000 - 0x00007ffc6f2dd000 	C:\WINDOWS\System32\IMM32.DLL
0x0000000071fc0000 - 0x0000000072092000 	F:\Android Studio\jre\jre\bin\msvcr100.dll
0x0000000074810000 - 0x000000007504f000 	F:\Android Studio\jre\jre\bin\server\jvm.dll
0x00007ffc6ec20000 - 0x00007ffc6ec28000 	C:\WINDOWS\System32\PSAPI.DLL
0x00007ffc629f0000 - 0x00007ffc629f9000 	C:\WINDOWS\SYSTEM32\WSOCK32.dll
0x00007ffc6ed40000 - 0x00007ffc6edac000 	C:\WINDOWS\System32\WS2_32.dll
0x00007ffc61da0000 - 0x00007ffc61dc3000 	C:\WINDOWS\SYSTEM32\WINMM.dll
0x00007ffc67680000 - 0x00007ffc6768a000 	C:\WINDOWS\SYSTEM32\VERSION.dll
0x00007ffc61380000 - 0x00007ffc613aa000 	C:\WINDOWS\SYSTEM32\WINMMBASE.dll
0x00007ffc6c7c0000 - 0x00007ffc6c809000 	C:\WINDOWS\System32\cfgmgr32.dll
0x00007ffc67160000 - 0x00007ffc6716f000 	F:\Android Studio\jre\jre\bin\verify.dll
0x00007ffc62d10000 - 0x00007ffc62d39000 	F:\Android Studio\jre\jre\bin\java.dll
0x00007ffc59680000 - 0x00007ffc59696000 	F:\Android Studio\jre\jre\bin\zip.dll
0x00007ffc6d7e0000 - 0x00007ffc6ec20000 	C:\WINDOWS\System32\SHELL32.dll
0x00007ffc6ec30000 - 0x00007ffc6ecd9000 	C:\WINDOWS\System32\shcore.dll
0x00007ffc6bc80000 - 0x00007ffc6c38d000 	C:\WINDOWS\System32\windows.storage.dll
0x00007ffc6cf50000 - 0x00007ffc6cfa1000 	C:\WINDOWS\System32\shlwapi.dll
0x00007ffc6b770000 - 0x00007ffc6b781000 	C:\WINDOWS\System32\kernel.appcore.dll
0x00007ffc6b750000 - 0x00007ffc6b76f000 	C:\WINDOWS\System32\profapi.dll
0x00007ffc6b6f0000 - 0x00007ffc6b73c000 	C:\WINDOWS\System32\powrprof.dll
0x00007ffc6b740000 - 0x00007ffc6b74a000 	C:\WINDOWS\System32\FLTLIB.DLL
0x00007ffc56fe0000 - 0x00007ffc56ffa000 	F:\Android Studio\jre\jre\bin\net.dll
0x00007ffc6af70000 - 0x00007ffc6afd6000 	C:\WINDOWS\system32\mswsock.dll
0x00007ffc56ef0000 - 0x00007ffc56f01000 	F:\Android Studio\jre\jre\bin\nio.dll
0x00007ffc5a7d0000 - 0x00007ffc5a7ee000 	C:\Users\Cyrus\.gradle\native\25\windows-amd64\native-platform.dll
0x00007ffc67090000 - 0x00007ffc6709d000 	F:\Android Studio\jre\jre\bin\management.dll
0x00007ffc6b120000 - 0x00007ffc6b137000 	C:\WINDOWS\SYSTEM32\CRYPTSP.dll
0x00007ffc6aaf0000 - 0x00007ffc6ab23000 	C:\WINDOWS\system32\rsaenh.dll
0x00007ffc6b250000 - 0x00007ffc6b275000 	C:\WINDOWS\SYSTEM32\bcrypt.dll
0x00007ffc6b620000 - 0x00007ffc6b648000 	C:\WINDOWS\SYSTEM32\USERENV.dll
0x00007ffc6b140000 - 0x00007ffc6b14b000 	C:\WINDOWS\SYSTEM32\CRYPTBASE.dll
0x00007ffc6ac90000 - 0x00007ffc6acc8000 	C:\WINDOWS\SYSTEM32\IPHLPAPI.DLL
0x00007ffc6cfb0000 - 0x00007ffc6cfb8000 	C:\WINDOWS\System32\NSI.dll
0x00007ffc65e50000 - 0x00007ffc65e66000 	C:\WINDOWS\SYSTEM32\dhcpcsvc6.DLL
0x00007ffc66630000 - 0x00007ffc6664a000 	C:\WINDOWS\SYSTEM32\dhcpcsvc.DLL

VM Arguments:
jvm_args: -Xmx1536m -Dfile.encoding=windows-1252 -Duser.country=US -Duser.language=en -Duser.variant 
java_command: org.gradle.launcher.daemon.bootstrap.GradleDaemon 4.4
java_class_path (initial): C:\Users\Cyrus\.gradle\wrapper\dists\gradle-4.4-all\9br9xq1tocpiv8o6njlyu5op1\gradle-4.4\lib\gradle-launcher-4.4.jar
Launcher Type: SUN_STANDARD

Environment Variables:
PATH=C:\Program Files\NVIDIA GPU Computing Toolkit\CUDA\v9.0\bin;C:\Program Files\NVIDIA GPU Computing Toolkit\CUDA\v9.0\libnvvp;C:\Program Files\NVIDIA GPU Computing Toolkit\CUDA\v9.1\bin;C:\Program Files\NVIDIA GPU Computing Toolkit\CUDA\v9.1\libnvvp;C:\Program Files\Python36\Scripts\;C:\Program Files\Python36\;C:\ProgramData\Oracle\Java\javapath;C:\Program Files (x86)\Intel\iCLS Client\;C:\Program Files\Intel\iCLS Client\;C:\Windows\system32;C:\Windows;C:\Windows\System32\Wbem;C:\Windows\System32\WindowsPowerShell\v1.0\;C:\Program Files (x86)\Windows Live\Shared;C:\Program Files\Intel\Intel(R) Management Engine Components\DAL;C:\Program Files\Intel\Intel(R) Management Engine Components\IPT;C:\Program Files (x86)\Intel\Intel(R) Management Engine Components\DAL;C:\Program Files (x86)\Intel\Intel(R) Management Engine Components\IPT;C:\Program Files (x86)\NVIDIA Corporation\PhysX\Common;C:\WINDOWS\system32;C:\WINDOWS;C:\WINDOWS\System32\Wbem;C:\WINDOWS\System32\WindowsPowerShell\v1.0\;C:\Python27\;C:\Program Files (x86)\Skype\Phone\;F:\Program Files\Git\cmd;F:\Anaconda3;F:\Anaconda3\Scripts;F:\cudnn\cuda\bin;C:\WINDOWS\system32;C:\WINDOWS;C:\WINDOWS\System32\Wbem;C:\WINDOWS\System32\WindowsPowerShell\v1.0\;C:\WINDOWS\System32\OpenSSH\;F:\sqlite;C:\Users\Cyrus\AppData\Local\Microsoft\WindowsApps;C:\Program Files (x86)\Java\jre1.8.0_131\bin;C:\gradle-4.3.1\bin;C:\Users\Cyrus\AppData\Local\GitHubDesktop\bin;%USERPROFILE%\AppData\Local\Microsoft\WindowsApps;
USERNAME=Cyrus
OS=Windows_NT
PROCESSOR_IDENTIFIER=Intel64 Family 6 Model 60 Stepping 3, GenuineIntel



---------------  S Y S T E M  ---------------

OS: Windows 10.0 , 64 bit Build 17134 (10.0.17134.1)

CPU:total 8 (initial active 8) (4 cores per cpu, 2 threads per core) family 6 model 60 stepping 3, cmov, cx8, fxsr, mmx, sse, sse2, sse3, ssse3, sse4.1, sse4.2, popcnt, avx, avx2, aes, clmul, erms, lzcnt, ht, tsc, tscinvbit, bmi1, bmi2

Memory: 4k page, physical 20887048k(2791256k free), swap 20887048k(5364k free)

vm_info: OpenJDK 64-Bit Server VM (25.152-b02) for windows-amd64 JRE (1.8.0_152-release-1024-b02), built by "builder" with MS VC++ 10.0 (VS2010)

time: Fri Jul 13 19:05:55 2018
elapsed time: 3 seconds (0d 0h 0m 3s)

