#
# There is insufficient memory for the Java Runtime Environment to continue.
# Native memory allocation (malloc) failed to allocate 1683712 bytes for Chunk::new
# Possible reasons:
#   The system is out of physical RAM or swap space
#   In 32 bit mode, the process size limit was hit
# Possible solutions:
#   Reduce memory load on the system
#   Increase physical memory or swap space
#   Check if swap backing store is full
#   Use 64 bit Java on a 64 bit OS
#   Decrease Java heap size (-Xmx/-Xms)
#   Decrease number of Java threads
#   Decrease Java thread stack sizes (-Xss)
#   Set larger code cache with -XX:ReservedCodeCacheSize=
# This output file may be truncated or incomplete.
#
#  Out of Memory Error (allocation.cpp:390), pid=2768, tid=0x00000000000046d4
#
# JRE version: OpenJDK Runtime Environment (8.0_152-b02) (build 1.8.0_152-release-1024-b02)
# Java VM: OpenJDK 64-Bit Server VM (25.152-b02 mixed mode windows-amd64 compressed oops)
# Failed to write core dump. Minidumps are not enabled by default on client versions of Windows
#

---------------  T H R E A D  ---------------

Current thread (0x0000000018777000):  JavaThread "C2 CompilerThread2" daemon [_thread_in_native, id=18132, stack(0x0000000019130000,0x0000000019230000)]

Stack: [0x0000000019130000,0x0000000019230000]
[error occurred during error reporting (printing stack bounds), id 0xc0000005]

Native frames: (J=compiled Java code, j=interpreted, Vv=VM code, C=native code)


Current CompileTask:
C2:  11882 4155   !   4       java.net.URLClassLoader$1::run (63 bytes)


---------------  P R O C E S S  ---------------

Java Threads: ( => current thread )
  0x000000001c159800 JavaThread "Memory manager" [_thread_blocked, id=3816, stack(0x0000000021aa0000,0x0000000021ba0000)]
  0x000000001c15c800 JavaThread "build operations Thread 8" [_thread_blocked, id=18892, stack(0x00000000217a0000,0x00000000218a0000)]
  0x000000001c15e000 JavaThread "build operations Thread 7" [_thread_blocked, id=6600, stack(0x00000000216a0000,0x00000000217a0000)]
  0x0000000020455800 JavaThread "build operations Thread 6" [_thread_blocked, id=17416, stack(0x00000000215a0000,0x00000000216a0000)]
  0x0000000020455000 JavaThread "build operations Thread 5" [_thread_blocked, id=8496, stack(0x00000000214a0000,0x00000000215a0000)]
  0x0000000020454000 JavaThread "build operations Thread 4" [_thread_blocked, id=4104, stack(0x00000000213a0000,0x00000000214a0000)]
  0x0000000020450000 JavaThread "build operations Thread 3" [_thread_blocked, id=18056, stack(0x00000000212a0000,0x00000000213a0000)]
  0x0000000020452000 JavaThread "build operations Thread 2" [_thread_blocked, id=8596, stack(0x000000001fb30000,0x000000001fc30000)]
  0x0000000020451000 JavaThread "build operations" [_thread_blocked, id=16264, stack(0x000000001f7f0000,0x000000001f8f0000)]
  0x0000000020452800 JavaThread "Cache worker for Artifact transforms cache (C:\Users\Cyrus\.gradle\caches\transforms-1)" [_thread_blocked, id=11464, stack(0x000000001f4f0000,0x000000001f5f0000)]
  0x000000001ce37000 JavaThread "Cache worker for file hash cache (D:\ud845-Pets-starting-point\BookStoreApp\.gradle\4.4\fileHashes)" [_thread_blocked, id=6852, stack(0x000000001e220000,0x000000001e320000)]
  0x000000001a859800 JavaThread "File lock request listener" [_thread_in_native, id=15948, stack(0x000000001d150000,0x000000001d250000)]
  0x000000001a7cf000 JavaThread "Cache worker for file hash cache (C:\Users\Cyrus\.gradle\caches\4.4\fileHashes)" [_thread_blocked, id=3528, stack(0x000000001d050000,0x000000001d150000)]
  0x000000001a6df000 JavaThread "Stdin handler" [_thread_blocked, id=3532, stack(0x000000001bd80000,0x000000001be80000)]
  0x000000001a6cf000 JavaThread "Asynchronous log dispatcher for DefaultDaemonConnection: socket connection from /127.0.0.1:51214 to /127.0.0.1:51215" [_thread_blocked, id=19368, stack(0x000000001bb80000,0x000000001bc80000)]
  0x000000001a6d7000 JavaThread "Daemon worker" [_thread_in_vm, id=12012, stack(0x000000001ba80000,0x000000001bb80000)]
  0x000000001a6d6000 JavaThread "Cancel handler" [_thread_blocked, id=5788, stack(0x000000001b980000,0x000000001ba80000)]
  0x000000001a660800 JavaThread "Handler for socket connection from /127.0.0.1:51214 to /127.0.0.1:51215" [_thread_in_native, id=19420, stack(0x000000001b680000,0x000000001b780000)]
  0x000000001a656000 JavaThread "Daemon" [_thread_blocked, id=18504, stack(0x000000001b580000,0x000000001b680000)]
  0x000000001a647800 JavaThread "Daemon periodic checks" [_thread_blocked, id=9520, stack(0x000000001b480000,0x000000001b580000)]
  0x000000001a621800 JavaThread "Incoming local TCP Connector on port 51214" [_thread_in_native, id=832, stack(0x000000001b240000,0x000000001b340000)]
  0x000000001880c000 JavaThread "Service Thread" daemon [_thread_blocked, id=18532, stack(0x0000000019330000,0x0000000019430000)]
  0x000000001877a000 JavaThread "C1 CompilerThread3" daemon [_thread_blocked, id=10276, stack(0x0000000019230000,0x0000000019330000)]
=>0x0000000018777000 JavaThread "C2 CompilerThread2" daemon [_thread_in_native, id=18132, stack(0x0000000019130000,0x0000000019230000)]
  0x0000000018770800 JavaThread "C2 CompilerThread1" daemon [_thread_in_native, id=14688, stack(0x0000000019030000,0x0000000019130000)]
  0x000000001876c000 JavaThread "C2 CompilerThread0" daemon [_thread_in_native, id=5008, stack(0x0000000018f30000,0x0000000019030000)]
  0x000000001876a000 JavaThread "Attach Listener" daemon [_thread_blocked, id=13596, stack(0x0000000018e30000,0x0000000018f30000)]
  0x0000000018768800 JavaThread "Signal Dispatcher" daemon [_thread_blocked, id=6716, stack(0x0000000018d30000,0x0000000018e30000)]
  0x0000000002a99000 JavaThread "Finalizer" daemon [_thread_blocked, id=5056, stack(0x0000000018b40000,0x0000000018c40000)]
  0x000000001685b800 JavaThread "Reference Handler" daemon [_thread_blocked, id=248, stack(0x0000000018640000,0x0000000018740000)]
  0x000000000299e000 JavaThread "main" [_thread_blocked, id=14928, stack(0x00000000027b0000,0x00000000028b0000)]

Other Threads:
  0x0000000016857000 VMThread [stack: 0x0000000018540000,0x0000000018640000] [id=18972]
  0x000000001880d000 WatcherThread [stack: 0x0000000019430000,0x0000000019530000] [id=5004]

VM state:not at safepoint (normal execution)

VM Mutex/Monitor currently owned by a thread: None

Heap:
 PSYoungGen      total 121856K, used 22268K [0x00000000e0000000, 0x00000000e8600000, 0x0000000100000000)
  eden space 108544K, 9% used [0x00000000e0000000,0x00000000e099b460,0x00000000e6a00000)
  from space 13312K, 93% used [0x00000000e6a00000,0x00000000e7623d48,0x00000000e7700000)
  to   space 13312K, 0% used [0x00000000e7700000,0x00000000e7700000,0x00000000e8400000)
 ParOldGen       total 252928K, used 20491K [0x00000000a0000000, 0x00000000af700000, 0x00000000e0000000)
  object space 252928K, 8% used [0x00000000a0000000,0x00000000a1402e58,0x00000000af700000)
 Metaspace       used 42522K, capacity 43586K, committed 43904K, reserved 1087488K
  class space    used 5845K, capacity 6195K, committed 6272K, reserved 1048576K

Card table byte_map: [0x0000000011e60000,0x0000000012170000] byte_map_base: 0x0000000011960000

Marking Bits: (ParMarkBitMap*) 0x0000000074fd4970
 Begin Bits: [0x0000000012b70000, 0x0000000014370000)
 End Bits:   [0x0000000014370000, 0x0000000015b70000)

Polling page: 0x0000000000e20000

CodeCache: size=245760Kb used=13206Kb max_used=13206Kb free=232553Kb
 bounds [0x0000000002aa0000, 0x00000000037a0000, 0x0000000011aa0000]
 total_blobs=4552 nmethods=3834 adapters=630
 compilation: enabled

Compilation events (10 events):
Event: 11.739 Thread 0x000000001877a000 4215       1       org.slf4j.impl.StaticLoggerBinder::getLoggerFactory (5 bytes)
Event: 11.740 Thread 0x000000001877a000 nmethod 4215 0x000000000378f710 code [0x000000000378f860, 0x000000000378f970]
Event: 11.801 Thread 0x000000001877a000 4216  s    3       java.util.Hashtable::containsKey (65 bytes)
Event: 11.801 Thread 0x000000001877a000 nmethod 4216 0x000000000378fe50 code [0x000000000378ffe0, 0x0000000003790618]
Event: 11.846 Thread 0x000000001877a000 4217       3       java.util.logging.LogManager::getProperty (9 bytes)
Event: 11.846 Thread 0x000000001877a000 nmethod 4217 0x0000000003790890 code [0x0000000003790a00, 0x0000000003790c28]
Event: 11.848 Thread 0x000000001877a000 4218       3       java.util.logging.LogManager$LoggerContext::requiresDefaultLoggers (29 bytes)
Event: 11.848 Thread 0x000000001877a000 nmethod 4218 0x0000000003790cd0 code [0x0000000003790e40, 0x0000000003791268]
Event: 11.848 Thread 0x000000001877a000 4219       3       java.util.logging.LogManager::access$100 (4 bytes)
Event: 11.848 Thread 0x000000001877a000 nmethod 4219 0x0000000003791350 code [0x00000000037914a0, 0x00000000037915d0]

GC Heap History (10 events):
Event: 6.453 GC heap before
{Heap before GC invocations=3 (full 1):
 PSYoungGen      total 95744K, used 13302K [0x00000000e0000000, 0x00000000e6a80000, 0x0000000100000000)
  eden space 82432K, 0% used [0x00000000e0000000,0x00000000e0000000,0x00000000e5080000)
  from space 13312K, 99% used [0x00000000e5d80000,0x00000000e6a7da28,0x00000000e6a80000)
  to   space 13312K, 0% used [0x00000000e5080000,0x00000000e5080000,0x00000000e5d80000)
 ParOldGen       total 218624K, used 127K [0x00000000a0000000, 0x00000000ad580000, 0x00000000e0000000)
  object space 218624K, 0% used [0x00000000a0000000,0x00000000a001ff10,0x00000000ad580000)
 Metaspace       used 20848K, capacity 21232K, committed 21248K, reserved 1067008K
  class space    used 2919K, capacity 3071K, committed 3072K, reserved 1048576K
Event: 6.534 GC heap after
Heap after GC invocations=3 (full 1):
 PSYoungGen      total 95744K, used 0K [0x00000000e0000000, 0x00000000e6a80000, 0x0000000100000000)
  eden space 82432K, 0% used [0x00000000e0000000,0x00000000e0000000,0x00000000e5080000)
  from space 13312K, 0% used [0x00000000e5d80000,0x00000000e5d80000,0x00000000e6a80000)
  to   space 13312K, 0% used [0x00000000e5080000,0x00000000e5080000,0x00000000e5d80000)
 ParOldGen       total 150016K, used 12999K [0x00000000a0000000, 0x00000000a9280000, 0x00000000e0000000)
  object space 150016K, 8% used [0x00000000a0000000,0x00000000a0cb1f20,0x00000000a9280000)
 Metaspace       used 20848K, capacity 21232K, committed 21248K, reserved 1067008K
  class space    used 2919K, capacity 3071K, committed 3072K, reserved 1048576K
}
Event: 8.116 GC heap before
{Heap before GC invocations=4 (full 1):
 PSYoungGen      total 95744K, used 82432K [0x00000000e0000000, 0x00000000e6a80000, 0x0000000100000000)
  eden space 82432K, 100% used [0x00000000e0000000,0x00000000e5080000,0x00000000e5080000)
  from space 13312K, 0% used [0x00000000e5d80000,0x00000000e5d80000,0x00000000e6a80000)
  to   space 13312K, 0% used [0x00000000e5080000,0x00000000e5080000,0x00000000e5d80000)
 ParOldGen       total 150016K, used 12999K [0x00000000a0000000, 0x00000000a9280000, 0x00000000e0000000)
  object space 150016K, 8% used [0x00000000a0000000,0x00000000a0cb1f20,0x00000000a9280000)
 Metaspace       used 27199K, capacity 27852K, committed 28032K, reserved 1073152K
  class space    used 3751K, capacity 3946K, committed 3968K, reserved 1048576K
Event: 8.123 GC heap after
Heap after GC invocations=4 (full 1):
 PSYoungGen      total 95744K, used 8510K [0x00000000e0000000, 0x00000000e8400000, 0x0000000100000000)
  eden space 82432K, 0% used [0x00000000e0000000,0x00000000e0000000,0x00000000e5080000)
  from space 13312K, 63% used [0x00000000e5080000,0x00000000e58cf9e8,0x00000000e5d80000)
  to   space 13312K, 0% used [0x00000000e7700000,0x00000000e7700000,0x00000000e8400000)
 ParOldGen       total 150016K, used 13007K [0x00000000a0000000, 0x00000000a9280000, 0x00000000e0000000)
  object space 150016K, 8% used [0x00000000a0000000,0x00000000a0cb3f20,0x00000000a9280000)
 Metaspace       used 27199K, capacity 27852K, committed 28032K, reserved 1073152K
  class space    used 3751K, capacity 3946K, committed 3968K, reserved 1048576K
}
Event: 9.677 GC heap before
{Heap before GC invocations=5 (full 1):
 PSYoungGen      total 95744K, used 90942K [0x00000000e0000000, 0x00000000e8400000, 0x0000000100000000)
  eden space 82432K, 100% used [0x00000000e0000000,0x00000000e5080000,0x00000000e5080000)
  from space 13312K, 63% used [0x00000000e5080000,0x00000000e58cf9e8,0x00000000e5d80000)
  to   space 13312K, 0% used [0x00000000e7700000,0x00000000e7700000,0x00000000e8400000)
 ParOldGen       total 150016K, used 13007K [0x00000000a0000000, 0x00000000a9280000, 0x00000000e0000000)
  object space 150016K, 8% used [0x00000000a0000000,0x00000000a0cb3f20,0x00000000a9280000)
 Metaspace       used 34542K, capacity 35300K, committed 35416K, reserved 1079296K
  class space    used 4840K, capacity 5091K, committed 5120K, reserved 1048576K
Event: 9.691 GC heap after
Heap after GC invocations=5 (full 1):
 PSYoungGen      total 121856K, used 13298K [0x00000000e0000000, 0x00000000e8600000, 0x0000000100000000)
  eden space 108544K, 0% used [0x00000000e0000000,0x00000000e0000000,0x00000000e6a00000)
  from space 13312K, 99% used [0x00000000e7700000,0x00000000e83fc9f0,0x00000000e8400000)
  to   space 13312K, 0% used [0x00000000e6a00000,0x00000000e6a00000,0x00000000e7700000)
 ParOldGen       total 150016K, used 13389K [0x00000000a0000000, 0x00000000a9280000, 0x00000000e0000000)
  object space 150016K, 8% used [0x00000000a0000000,0x00000000a0d13610,0x00000000a9280000)
 Metaspace       used 34542K, capacity 35300K, committed 35416K, reserved 1079296K
  class space    used 4840K, capacity 5091K, committed 5120K, reserved 1048576K
}
Event: 9.691 GC heap before
{Heap before GC invocations=6 (full 2):
 PSYoungGen      total 121856K, used 13298K [0x00000000e0000000, 0x00000000e8600000, 0x0000000100000000)
  eden space 108544K, 0% used [0x00000000e0000000,0x00000000e0000000,0x00000000e6a00000)
  from space 13312K, 99% used [0x00000000e7700000,0x00000000e83fc9f0,0x00000000e8400000)
  to   space 13312K, 0% used [0x00000000e6a00000,0x00000000e6a00000,0x00000000e7700000)
 ParOldGen       total 150016K, used 13389K [0x00000000a0000000, 0x00000000a9280000, 0x00000000e0000000)
  object space 150016K, 8% used [0x00000000a0000000,0x00000000a0d13610,0x00000000a9280000)
 Metaspace       used 34542K, capacity 35300K, committed 35416K, reserved 1079296K
  class space    used 4840K, capacity 5091K, committed 5120K, reserved 1048576K
Event: 9.744 GC heap after
Heap after GC invocations=6 (full 2):
 PSYoungGen      total 121856K, used 0K [0x00000000e0000000, 0x00000000e8600000, 0x0000000100000000)
  eden space 108544K, 0% used [0x00000000e0000000,0x00000000e0000000,0x00000000e6a00000)
  from space 13312K, 0% used [0x00000000e7700000,0x00000000e7700000,0x00000000e8400000)
  to   space 13312K, 0% used [0x00000000e6a00000,0x00000000e6a00000,0x00000000e7700000)
 ParOldGen       total 252928K, used 20483K [0x00000000a0000000, 0x00000000af700000, 0x00000000e0000000)
  object space 252928K, 8% used [0x00000000a0000000,0x00000000a1400e58,0x00000000af700000)
 Metaspace       used 34542K, capacity 35300K, committed 35416K, reserved 1079296K
  class space    used 4840K, capacity 5091K, committed 5120K, reserved 1048576K
}
Event: 11.414 GC heap before
{Heap before GC invocations=7 (full 2):
 PSYoungGen      total 121856K, used 108544K [0x00000000e0000000, 0x00000000e8600000, 0x0000000100000000)
  eden space 108544K, 100% used [0x00000000e0000000,0x00000000e6a00000,0x00000000e6a00000)
  from space 13312K, 0% used [0x00000000e7700000,0x00000000e7700000,0x00000000e8400000)
  to   space 13312K, 0% used [0x00000000e6a00000,0x00000000e6a00000,0x00000000e7700000)
 ParOldGen       total 252928K, used 20483K [0x00000000a0000000, 0x00000000af700000, 0x00000000e0000000)
  object space 252928K, 8% used [0x00000000a0000000,0x00000000a1400e58,0x00000000af700000)
 Metaspace       used 41425K, capacity 42470K, committed 42752K, reserved 1085440K
  class space    used 5702K, capacity 6061K, committed 6144K, reserved 1048576K
Event: 11.464 GC heap after
Heap after GC invocations=7 (full 2):
 PSYoungGen      total 121856K, used 12431K [0x00000000e0000000, 0x00000000e8600000, 0x0000000100000000)
  eden space 108544K, 0% used [0x00000000e0000000,0x00000000e0000000,0x00000000e6a00000)
  from space 13312K, 93% used [0x00000000e6a00000,0x00000000e7623d48,0x00000000e7700000)
  to   space 13312K, 0% used [0x00000000e7700000,0x00000000e7700000,0x00000000e8400000)
 ParOldGen       total 252928K, used 20491K [0x00000000a0000000, 0x00000000af700000, 0x00000000e0000000)
  object space 252928K, 8% used [0x00000000a0000000,0x00000000a1402e58,0x00000000af700000)
 Metaspace       used 41425K, capacity 42470K, committed 42752K, reserved 1085440K
  class space    used 5702K, capacity 6061K, committed 6144K, reserved 1048576K
}

Deoptimization events (10 events):
Event: 10.265 Thread 0x000000001a6d7000 Uncommon trap: reason=unstable_if action=reinterpret pc=0x00000000035bacf0 method=java.lang.reflect.Modifier.toString(I)Ljava/lang/String; @ 123
Event: 10.457 Thread 0x000000001a6d7000 Uncommon trap: reason=unstable_if action=reinterpret pc=0x000000000302688c method=java.util.jar.Attributes$Name.isDigit(C)Z @ 3
Event: 10.512 Thread 0x000000001a6d7000 Uncommon trap: reason=unstable_if action=reinterpret pc=0x0000000002eff37c method=java.lang.CharacterDataLatin1.isWhitespace(I)Z @ 14
Event: 10.580 Thread 0x000000001a6d7000 Uncommon trap: reason=unstable_if action=reinterpret pc=0x0000000002c4e1fc method=java.util.jar.JarFile.getInputStream(Ljava/util/zip/ZipEntry;)Ljava/io/InputStream; @ 37
Event: 10.582 Thread 0x000000001a6d7000 Uncommon trap: reason=unstable_if action=reinterpret pc=0x0000000003554548 method=java.util.jar.JarFile$JarFileEntry.getCodeSigners()[Ljava/security/CodeSigner; @ 24
Event: 10.582 Thread 0x000000001a6d7000 Uncommon trap: reason=unstable_if action=reinterpret pc=0x0000000003553ab0 method=java.security.CodeSource.<init>(Ljava/net/URL;[Ljava/security/CodeSigner;)V @ 25
Event: 10.583 Thread 0x000000001a6d7000 Uncommon trap: reason=unstable_if action=reinterpret pc=0x000000000301a92c method=java.security.CodeSource.getCertificates()[Ljava/security/cert/Certificate; @ 22
Event: 10.585 Thread 0x000000001a6d7000 Uncommon trap: reason=unstable_if action=reinterpret pc=0x000000000355e904 method=java.security.CodeSource.matchCerts(Ljava/security/CodeSource;Z)Z @ 11
Event: 10.614 Thread 0x000000001a6d7000 Uncommon trap: reason=unstable_if action=reinterpret pc=0x0000000002db73b8 method=java.util.LinkedHashMap.get(Ljava/lang/Object;)Ljava/lang/Object; @ 20
Event: 11.067 Thread 0x000000001a6d7000 Uncommon trap: reason=unstable_if action=reinterpret pc=0x00000000033cb9ac method=org.gradle.internal.reflect.PropertyAccessorType.of(Ljava/lang/reflect/Method;)Lorg/gradle/internal/reflect/PropertyAccessorType; @ 56

Classes redefined (0 events):
No events

Internal exceptions (10 events):
Event: 11.727 Thread 0x000000001a6d7000 Exception <a 'sun/nio/fs/WindowsException'> (0x00000000e037ad90) thrown at [D:\src\AOSP-openjdk-cygwin\jdk8u\hotspot\src\share\vm\prims\jni.cpp, line 709]
Event: 11.727 Thread 0x000000001a6d7000 Exception <a 'sun/nio/fs/WindowsException'> (0x00000000e037b968) thrown at [D:\src\AOSP-openjdk-cygwin\jdk8u\hotspot\src\share\vm\prims\jni.cpp, line 709]
Event: 11.727 Thread 0x000000001a6d7000 Exception <a 'sun/nio/fs/WindowsException'> (0x00000000e037d580) thrown at [D:\src\AOSP-openjdk-cygwin\jdk8u\hotspot\src\share\vm\prims\jni.cpp, line 709]
Event: 11.727 Thread 0x000000001a6d7000 Exception <a 'sun/nio/fs/WindowsException'> (0x00000000e037e190) thrown at [D:\src\AOSP-openjdk-cygwin\jdk8u\hotspot\src\share\vm\prims\jni.cpp, line 709]
Event: 11.728 Thread 0x000000001a6d7000 Exception <a 'sun/nio/fs/WindowsException'> (0x00000000e0380fb0) thrown at [D:\src\AOSP-openjdk-cygwin\jdk8u\hotspot\src\share\vm\prims\jni.cpp, line 709]
Event: 11.729 Thread 0x000000001a6d7000 Exception <a 'sun/nio/fs/WindowsException'> (0x00000000e0381c60) thrown at [D:\src\AOSP-openjdk-cygwin\jdk8u\hotspot\src\share\vm\prims\jni.cpp, line 709]
Event: 11.729 Thread 0x000000001a6d7000 Exception <a 'sun/nio/fs/WindowsException'> (0x00000000e0383940) thrown at [D:\src\AOSP-openjdk-cygwin\jdk8u\hotspot\src\share\vm\prims\jni.cpp, line 709]
Event: 11.729 Thread 0x000000001a6d7000 Exception <a 'sun/nio/fs/WindowsException'> (0x00000000e0384630) thrown at [D:\src\AOSP-openjdk-cygwin\jdk8u\hotspot\src\share\vm\prims\jni.cpp, line 709]
Event: 11.739 Thread 0x000000001a6d7000 Exception <a 'java/lang/ClassNotFoundException': com/sun/org/glassfish/hk2/osgiresourcelocator/ServiceLoader> (0x00000000e03dc8b8) thrown at [D:\src\AOSP-openjdk-cygwin\jdk8u\hotspot\src\share\vm\classfile\systemDictionary.cpp, line 210]
Event: 11.845 Thread 0x000000001a6d7000 Exception <a 'java/lang/NullPointerException'> (0x00000000e0847eb0) thrown at [D:\src\AOSP-openjdk-cygwin\jdk8u\hotspot\src\share\vm\interpreter\linkResolver.cpp, line 1301]

Events (10 events):
Event: 11.858 loading class com/sun/xml/bind/v2/model/impl/RuntimeBuiltinLeafInfoImpl$1
Event: 11.858 loading class com/sun/xml/bind/v2/model/impl/RuntimeBuiltinLeafInfoImpl$1 done
Event: 11.858 loading class com/sun/xml/bind/v2/model/impl/RuntimeBuiltinLeafInfoImpl$2
Event: 11.858 loading class com/sun/xml/bind/v2/model/impl/RuntimeBuiltinLeafInfoImpl$2 done
Event: 11.859 loading class javax/xml/datatype/DatatypeConstants
Event: 11.859 loading class javax/xml/datatype/DatatypeConstants done
Event: 11.859 loading class javax/xml/datatype/DatatypeConstants$Field
Event: 11.859 loading class javax/xml/datatype/DatatypeConstants$Field done
Event: 11.859 loading class com/sun/xml/bind/v2/model/impl/RuntimeBuiltinLeafInfoImpl$3
Event: 11.859 loading class com/sun/xml/bind/v2/model/impl/RuntimeBuiltinLeafInfoImpl$3 done


Dynamic libraries:
0x00007ff7870a0000 - 0x00007ff7870d1000 	F:\Android Studio\jre\bin\java.exe
0x00007ffc6f3e0000 - 0x00007ffc6f5c1000 	C:\WINDOWS\SYSTEM32\ntdll.dll
0x00007ffc6c870000 - 0x00007ffc6c922000 	C:\WINDOWS\System32\KERNEL32.DLL
0x00007ffc6b7b0000 - 0x00007ffc6ba23000 	C:\WINDOWS\System32\KERNELBASE.dll
0x00007ffc6edb0000 - 0x00007ffc6ee51000 	C:\WINDOWS\System32\ADVAPI32.dll
0x00007ffc6d5a0000 - 0x00007ffc6d63e000 	C:\WINDOWS\System32\msvcrt.dll
0x00007ffc6cfc0000 - 0x00007ffc6d01b000 	C:\WINDOWS\System32\sechost.dll
0x00007ffc6d020000 - 0x00007ffc6d144000 	C:\WINDOWS\System32\RPCRT4.dll
0x00007ffc6cdc0000 - 0x00007ffc6cf50000 	C:\WINDOWS\System32\USER32.dll
0x00007ffc6bc60000 - 0x00007ffc6bc80000 	C:\WINDOWS\System32\win32u.dll
0x00007ffc6d360000 - 0x00007ffc6d388000 	C:\WINDOWS\System32\GDI32.dll
0x00007ffc6c620000 - 0x00007ffc6c7b2000 	C:\WINDOWS\System32\gdi32full.dll
0x00007ffc6c580000 - 0x00007ffc6c61f000 	C:\WINDOWS\System32\msvcp_win.dll
0x00007ffc6bae0000 - 0x00007ffc6bbda000 	C:\WINDOWS\System32\ucrtbase.dll
0x00007ffc5d300000 - 0x00007ffc5d569000 	C:\WINDOWS\WinSxS\amd64_microsoft.windows.common-controls_6595b64144ccf1df_6.0.17134.165_none_fb429645306569ac\COMCTL32.dll
0x00007ffc6c930000 - 0x00007ffc6cc53000 	C:\WINDOWS\System32\combase.dll
0x00007ffc6bbe0000 - 0x00007ffc6bc5a000 	C:\WINDOWS\System32\bcryptPrimitives.dll
0x00007ffc6f2b0000 - 0x00007ffc6f2dd000 	C:\WINDOWS\System32\IMM32.DLL
0x0000000071fc0000 - 0x0000000072092000 	F:\Android Studio\jre\jre\bin\msvcr100.dll
0x0000000074810000 - 0x000000007504f000 	F:\Android Studio\jre\jre\bin\server\jvm.dll
0x00007ffc6ec20000 - 0x00007ffc6ec28000 	C:\WINDOWS\System32\PSAPI.DLL
0x00007ffc629f0000 - 0x00007ffc629f9000 	C:\WINDOWS\SYSTEM32\WSOCK32.dll
0x00007ffc6ed40000 - 0x00007ffc6edac000 	C:\WINDOWS\System32\WS2_32.dll
0x00007ffc61da0000 - 0x00007ffc61dc3000 	C:\WINDOWS\SYSTEM32\WINMM.dll
0x00007ffc67680000 - 0x00007ffc6768a000 	C:\WINDOWS\SYSTEM32\VERSION.dll
0x00007ffc61380000 - 0x00007ffc613aa000 	C:\WINDOWS\SYSTEM32\WINMMBASE.dll
0x00007ffc6c7c0000 - 0x00007ffc6c809000 	C:\WINDOWS\System32\cfgmgr32.dll
0x00007ffc67160000 - 0x00007ffc6716f000 	F:\Android Studio\jre\jre\bin\verify.dll
0x00007ffc62d10000 - 0x00007ffc62d39000 	F:\Android Studio\jre\jre\bin\java.dll
0x00007ffc59680000 - 0x00007ffc59696000 	F:\Android Studio\jre\jre\bin\zip.dll
0x00007ffc6d7e0000 - 0x00007ffc6ec20000 	C:\WINDOWS\System32\SHELL32.dll
0x00007ffc6ec30000 - 0x00007ffc6ecd9000 	C:\WINDOWS\System32\shcore.dll
0x00007ffc6bc80000 - 0x00007ffc6c38d000 	C:\WINDOWS\System32\windows.storage.dll
0x00007ffc6cf50000 - 0x00007ffc6cfa1000 	C:\WINDOWS\System32\shlwapi.dll
0x00007ffc6b770000 - 0x00007ffc6b781000 	C:\WINDOWS\System32\kernel.appcore.dll
0x00007ffc6b750000 - 0x00007ffc6b76f000 	C:\WINDOWS\System32\profapi.dll
0x00007ffc6b6f0000 - 0x00007ffc6b73c000 	C:\WINDOWS\System32\powrprof.dll
0x00007ffc6b740000 - 0x00007ffc6b74a000 	C:\WINDOWS\System32\FLTLIB.DLL
0x00007ffc56fe0000 - 0x00007ffc56ffa000 	F:\Android Studio\jre\jre\bin\net.dll
0x00007ffc6af70000 - 0x00007ffc6afd6000 	C:\WINDOWS\system32\mswsock.dll
0x00007ffc56ef0000 - 0x00007ffc56f01000 	F:\Android Studio\jre\jre\bin\nio.dll
0x00007ffc5a7d0000 - 0x00007ffc5a7ee000 	C:\Users\Cyrus\.gradle\native\25\windows-amd64\native-platform.dll
0x00007ffc67090000 - 0x00007ffc6709d000 	F:\Android Studio\jre\jre\bin\management.dll
0x00007ffc6b120000 - 0x00007ffc6b137000 	C:\WINDOWS\SYSTEM32\CRYPTSP.dll
0x00007ffc6aaf0000 - 0x00007ffc6ab23000 	C:\WINDOWS\system32\rsaenh.dll
0x00007ffc6b250000 - 0x00007ffc6b275000 	C:\WINDOWS\SYSTEM32\bcrypt.dll
0x00007ffc6b620000 - 0x00007ffc6b648000 	C:\WINDOWS\SYSTEM32\USERENV.dll
0x00007ffc6b140000 - 0x00007ffc6b14b000 	C:\WINDOWS\SYSTEM32\CRYPTBASE.dll
0x00007ffc6ac90000 - 0x00007ffc6acc8000 	C:\WINDOWS\SYSTEM32\IPHLPAPI.DLL
0x00007ffc6cfb0000 - 0x00007ffc6cfb8000 	C:\WINDOWS\System32\NSI.dll
0x00007ffc65e50000 - 0x00007ffc65e66000 	C:\WINDOWS\SYSTEM32\dhcpcsvc6.DLL
0x00007ffc66630000 - 0x00007ffc6664a000 	C:\WINDOWS\SYSTEM32\dhcpcsvc.DLL

VM Arguments:
jvm_args: -Xmx1536m -Dfile.encoding=windows-1252 -Duser.country=US -Duser.language=en -Duser.variant 
java_command: org.gradle.launcher.daemon.bootstrap.GradleDaemon 4.4
java_class_path (initial): C:\Users\Cyrus\.gradle\wrapper\dists\gradle-4.4-all\9br9xq1tocpiv8o6njlyu5op1\gradle-4.4\lib\gradle-launcher-4.4.jar
Launcher Type: SUN_STANDARD

Environment Variables:
PATH=C:\Program Files\NVIDIA GPU Computing Toolkit\CUDA\v9.0\bin;C:\Program Files\NVIDIA GPU Computing Toolkit\CUDA\v9.0\libnvvp;C:\Program Files\NVIDIA GPU Computing Toolkit\CUDA\v9.1\bin;C:\Program Files\NVIDIA GPU Computing Toolkit\CUDA\v9.1\libnvvp;C:\Program Files\Python36\Scripts\;C:\Program Files\Python36\;C:\ProgramData\Oracle\Java\javapath;C:\Program Files (x86)\Intel\iCLS Client\;C:\Program Files\Intel\iCLS Client\;C:\Windows\system32;C:\Windows;C:\Windows\System32\Wbem;C:\Windows\System32\WindowsPowerShell\v1.0\;C:\Program Files (x86)\Windows Live\Shared;C:\Program Files\Intel\Intel(R) Management Engine Components\DAL;C:\Program Files\Intel\Intel(R) Management Engine Components\IPT;C:\Program Files (x86)\Intel\Intel(R) Management Engine Components\DAL;C:\Program Files (x86)\Intel\Intel(R) Management Engine Components\IPT;C:\Program Files (x86)\NVIDIA Corporation\PhysX\Common;C:\WINDOWS\system32;C:\WINDOWS;C:\WINDOWS\System32\Wbem;C:\WINDOWS\System32\WindowsPowerShell\v1.0\;C:\Python27\;C:\Program Files (x86)\Skype\Phone\;F:\Program Files\Git\cmd;F:\Anaconda3;F:\Anaconda3\Scripts;F:\cudnn\cuda\bin;C:\WINDOWS\system32;C:\WINDOWS;C:\WINDOWS\System32\Wbem;C:\WINDOWS\System32\WindowsPowerShell\v1.0\;C:\WINDOWS\System32\OpenSSH\;F:\sqlite;C:\Users\Cyrus\AppData\Local\Microsoft\WindowsApps;C:\Program Files (x86)\Java\jre1.8.0_131\bin;C:\gradle-4.3.1\bin;C:\Users\Cyrus\AppData\Local\GitHubDesktop\bin;%USERPROFILE%\AppData\Local\Microsoft\WindowsApps;
USERNAME=Cyrus
OS=Windows_NT
PROCESSOR_IDENTIFIER=Intel64 Family 6 Model 60 Stepping 3, GenuineIntel



---------------  S Y S T E M  ---------------

OS: Windows 10.0 , 64 bit Build 17134 (10.0.17134.1)

CPU:total 8 (initial active 8) (4 cores per cpu, 2 threads per core) family 6 model 60 stepping 3, cmov, cx8, fxsr, mmx, sse, sse2, sse3, ssse3, sse4.1, sse4.2, popcnt, avx, avx2, aes, clmul, erms, lzcnt, ht, tsc, tscinvbit, bmi1, bmi2

Memory: 4k page, physical 20887048k(2967176k free), swap 20887048k(5616k free)

vm_info: OpenJDK 64-Bit Server VM (25.152-b02) for windows-amd64 JRE (1.8.0_152-release-1024-b02), built by "builder" with MS VC++ 10.0 (VS2010)

time: Fri Jul 13 19:05:12 2018
elapsed time: 11 seconds (0d 0h 0m 11s)

