#
# There is insufficient memory for the Java Runtime Environment to continue.
# Native memory allocation (malloc) failed to allocate 1334096 bytes for Chunk::new
# Possible reasons:
#   The system is out of physical RAM or swap space
#   In 32 bit mode, the process size limit was hit
# Possible solutions:
#   Reduce memory load on the system
#   Increase physical memory or swap space
#   Check if swap backing store is full
#   Use 64 bit Java on a 64 bit OS
#   Decrease Java heap size (-Xmx/-Xms)
#   Decrease number of Java threads
#   Decrease Java thread stack sizes (-Xss)
#   Set larger code cache with -XX:ReservedCodeCacheSize=
# This output file may be truncated or incomplete.
#
#  Out of Memory Error (allocation.cpp:390), pid=11408, tid=0x0000000000002cdc
#
# JRE version: OpenJDK Runtime Environment (8.0_152-b02) (build 1.8.0_152-release-1024-b02)
# Java VM: OpenJDK 64-Bit Server VM (25.152-b02 mixed mode windows-amd64 compressed oops)
# Failed to write core dump. Minidumps are not enabled by default on client versions of Windows
#

---------------  T H R E A D  ---------------

Current thread (0x0000000019146000):  JavaThread "C2 CompilerThread0" daemon [_thread_in_native, id=11484, stack(0x0000000019900000,0x0000000019a00000)]

Stack: [0x0000000019900000,0x0000000019a00000]
[error occurred during error reporting (printing stack bounds), id 0xc0000005]

Native frames: (J=compiled Java code, j=interpreted, Vv=VM code, C=native code)


Current CompileTask:
C2:   6848 3302   !   4       java.security.SecureClassLoader::getProtectionDomain (114 bytes)


---------------  P R O C E S S  ---------------

Java Threads: ( => current thread )
  0x0000000020ebd000 JavaThread "build operations Thread 8" [_thread_blocked, id=14644, stack(0x0000000023500000,0x0000000023600000)]
  0x0000000020ebb000 JavaThread "build operations Thread 7" [_thread_blocked, id=13092, stack(0x0000000023400000,0x0000000023500000)]
  0x0000000020eba000 JavaThread "build operations Thread 6" [_thread_blocked, id=12284, stack(0x0000000023300000,0x0000000023400000)]
  0x0000000020ec1000 JavaThread "build operations Thread 5" [_thread_blocked, id=7352, stack(0x0000000023200000,0x0000000023300000)]
  0x0000000020d63000 JavaThread "build operations Thread 4" [_thread_blocked, id=19252, stack(0x0000000023100000,0x0000000023200000)]
  0x0000000020d62000 JavaThread "build operations Thread 3" [_thread_blocked, id=6544, stack(0x0000000023000000,0x0000000023100000)]
  0x0000000020d61800 JavaThread "build operations Thread 2" [_thread_blocked, id=7056, stack(0x0000000022f00000,0x0000000023000000)]
  0x0000000020d60800 JavaThread "build operations" [_thread_blocked, id=144, stack(0x0000000022920000,0x0000000022a20000)]
  0x0000000020d63800 JavaThread "Cache worker for Artifact transforms cache (C:\Users\Cyrus\.gradle\caches\transforms-1)" [_thread_blocked, id=2168, stack(0x000000001ecf0000,0x000000001edf0000)]
  0x000000001d053800 JavaThread "Cache worker for file hash cache (D:\ud845-Pets-starting-point\BookStoreApp\.gradle\4.4\fileHashes)" [_thread_blocked, id=17592, stack(0x000000001dc20000,0x000000001dd20000)]
  0x000000001b1b2800 JavaThread "File lock request listener" [_thread_in_native, id=18660, stack(0x000000001cb50000,0x000000001cc50000)]
  0x000000001b213800 JavaThread "Cache worker for file hash cache (C:\Users\Cyrus\.gradle\caches\4.4\fileHashes)" [_thread_blocked, id=8452, stack(0x000000001ca50000,0x000000001cb50000)]
  0x000000001b140800 JavaThread "Stdin handler" [_thread_blocked, id=18860, stack(0x000000001c750000,0x000000001c850000)]
  0x000000001b121000 JavaThread "Asynchronous log dispatcher for DefaultDaemonConnection: socket connection from /127.0.0.1:51233 to /127.0.0.1:51234" [_thread_blocked, id=17316, stack(0x000000001c550000,0x000000001c650000)]
  0x000000001b10c800 JavaThread "Daemon worker" [_thread_in_vm, id=12040, stack(0x000000001c450000,0x000000001c550000)]
  0x000000001b115800 JavaThread "Cancel handler" [_thread_blocked, id=12488, stack(0x000000001c350000,0x000000001c450000)]
  0x000000001b082000 JavaThread "Handler for socket connection from /127.0.0.1:51233 to /127.0.0.1:51234" [_thread_in_native, id=14892, stack(0x000000001c050000,0x000000001c150000)]
  0x000000001b081000 JavaThread "Daemon" [_thread_blocked, id=15288, stack(0x000000001bf50000,0x000000001c050000)]
  0x000000001b049800 JavaThread "Daemon periodic checks" [_thread_blocked, id=1732, stack(0x000000001be50000,0x000000001bf50000)]
  0x000000001b042000 JavaThread "Incoming local TCP Connector on port 51233" [_thread_in_native, id=3296, stack(0x000000001bc10000,0x000000001bd10000)]
  0x00000000191d0800 JavaThread "Service Thread" daemon [_thread_blocked, id=6804, stack(0x0000000019d00000,0x0000000019e00000)]
  0x0000000019149000 JavaThread "C1 CompilerThread3" daemon [_thread_blocked, id=2568, stack(0x0000000019c00000,0x0000000019d00000)]
  0x000000001913b000 JavaThread "C2 CompilerThread2" daemon [_thread_in_vm, id=5040, stack(0x0000000019b00000,0x0000000019c00000)]
  0x0000000019137000 JavaThread "C2 CompilerThread1" daemon [_thread_blocked, id=4704, stack(0x0000000019a00000,0x0000000019b00000)]
=>0x0000000019146000 JavaThread "C2 CompilerThread0" daemon [_thread_in_native, id=11484, stack(0x0000000019900000,0x0000000019a00000)]
  0x0000000019144800 JavaThread "Attach Listener" daemon [_thread_blocked, id=15848, stack(0x0000000019800000,0x0000000019900000)]
  0x0000000019143800 JavaThread "Signal Dispatcher" daemon [_thread_blocked, id=9120, stack(0x0000000019700000,0x0000000019800000)]
  0x0000000019131800 JavaThread "Finalizer" daemon [_thread_blocked, id=18940, stack(0x0000000019510000,0x0000000019610000)]
  0x0000000003459000 JavaThread "Reference Handler" daemon [_thread_blocked, id=14008, stack(0x0000000019010000,0x0000000019110000)]
  0x00000000032de000 JavaThread "main" [_thread_blocked, id=9636, stack(0x0000000003190000,0x0000000003290000)]

Other Threads:
  0x0000000017218000 VMThread [stack: 0x0000000018f10000,0x0000000019010000] [id=12432]
  0x00000000191d1800 WatcherThread [stack: 0x0000000019e00000,0x0000000019f00000] [id=2680]

VM state:not at safepoint (normal execution)

VM Mutex/Monitor currently owned by a thread: None

Heap:
 PSYoungGen      total 133120K, used 6345K [0x00000000e0000000, 0x00000000e9680000, 0x0000000100000000)
  eden space 119808K, 5% used [0x00000000e0000000,0x00000000e0632740,0x00000000e7500000)
  from space 13312K, 0% used [0x00000000e8200000,0x00000000e8200000,0x00000000e8f00000)
  to   space 13312K, 0% used [0x00000000e7500000,0x00000000e7500000,0x00000000e8200000)
 ParOldGen       total 231424K, used 20544K [0x00000000a0000000, 0x00000000ae200000, 0x00000000e0000000)
  object space 231424K, 8% used [0x00000000a0000000,0x00000000a14100b0,0x00000000ae200000)
 Metaspace       used 35432K, capacity 36220K, committed 36480K, reserved 1081344K
  class space    used 4922K, capacity 5165K, committed 5248K, reserved 1048576K

Card table byte_map: [0x0000000012820000,0x0000000012b30000] byte_map_base: 0x0000000012320000

Marking Bits: (ParMarkBitMap*) 0x0000000074fd4970
 Begin Bits: [0x0000000013530000, 0x0000000014d30000)
 End Bits:   [0x0000000014d30000, 0x0000000016530000)

Polling page: 0x0000000003290000

CodeCache: size=245760Kb used=10547Kb max_used=10547Kb free=235212Kb
 bounds [0x0000000003460000, 0x0000000003ec0000, 0x0000000012460000]
 total_blobs=3698 nmethods=3002 adapters=609
 compilation: enabled

Compilation events (10 events):
Event: 6.837 Thread 0x0000000019149000 nmethod 3320 0x0000000003705e50 code [0x0000000003705fa0, 0x00000000037060f0]
Event: 6.843 Thread 0x0000000019149000 3322       3       java.lang.invoke.InvokerBytecodeGenerator::emitStaticInvoke (246 bytes)
Event: 6.845 Thread 0x0000000019137000 nmethod 3313 0x0000000003eb3050 code [0x0000000003eb3360, 0x0000000003eb5888]
Event: 6.845 Thread 0x0000000019149000 nmethod 3322 0x000000000374f010 code [0x000000000374f3c0, 0x00000000037516d8]
Event: 6.845 Thread 0x0000000019149000 3325       3       jdk.internal.org.objectweb.asm.AnnotationWriter::visitEnd (43 bytes)
Event: 6.845 Thread 0x0000000019149000 nmethod 3325 0x000000000374eb90 code [0x000000000374ed00, 0x000000000374eef0]
Event: 6.845 Thread 0x0000000019149000 3323       3       java.lang.invoke.InvokerBytecodeGenerator::refKindOpcode (112 bytes)
Event: 6.846 Thread 0x0000000019149000 nmethod 3323 0x0000000003704fd0 code [0x00000000037051c0, 0x0000000003705a98]
Event: 6.846 Thread 0x0000000019149000 3324       1       java.util.Formatter$FixedString::index (3 bytes)
Event: 6.846 Thread 0x0000000019149000 nmethod 3324 0x0000000003704d10 code [0x0000000003704e60, 0x0000000003704f70]

GC Heap History (10 events):
Event: 3.540 GC heap before
{Heap before GC invocations=2 (full 0):
 PSYoungGen      total 95744K, used 83343K [0x00000000e0000000, 0x00000000e6a80000, 0x0000000100000000)
  eden space 82432K, 90% used [0x00000000e0000000,0x00000000e48b08b8,0x00000000e5080000)
  from space 13312K, 66% used [0x00000000e5080000,0x00000000e5933730,0x00000000e5d80000)
  to   space 13312K, 0% used [0x00000000e5d80000,0x00000000e5d80000,0x00000000e6a80000)
 ParOldGen       total 218624K, used 16K [0x00000000a0000000, 0x00000000ad580000, 0x00000000e0000000)
  object space 218624K, 0% used [0x00000000a0000000,0x00000000a0004000,0x00000000ad580000)
 Metaspace       used 20834K, capacity 21232K, committed 21248K, reserved 1067008K
  class space    used 2919K, capacity 3071K, committed 3072K, reserved 1048576K
Event: 3.553 GC heap after
Heap after GC invocations=2 (full 0):
 PSYoungGen      total 95744K, used 13302K [0x00000000e0000000, 0x00000000e6a80000, 0x0000000100000000)
  eden space 82432K, 0% used [0x00000000e0000000,0x00000000e0000000,0x00000000e5080000)
  from space 13312K, 99% used [0x00000000e5d80000,0x00000000e6a7d9b8,0x00000000e6a80000)
  to   space 13312K, 0% used [0x00000000e5080000,0x00000000e5080000,0x00000000e5d80000)
 ParOldGen       total 218624K, used 231K [0x00000000a0000000, 0x00000000ad580000, 0x00000000e0000000)
  object space 218624K, 0% used [0x00000000a0000000,0x00000000a0039f68,0x00000000ad580000)
 Metaspace       used 20834K, capacity 21232K, committed 21248K, reserved 1067008K
  class space    used 2919K, capacity 3071K, committed 3072K, reserved 1048576K
}
Event: 3.553 GC heap before
{Heap before GC invocations=3 (full 1):
 PSYoungGen      total 95744K, used 13302K [0x00000000e0000000, 0x00000000e6a80000, 0x0000000100000000)
  eden space 82432K, 0% used [0x00000000e0000000,0x00000000e0000000,0x00000000e5080000)
  from space 13312K, 99% used [0x00000000e5d80000,0x00000000e6a7d9b8,0x00000000e6a80000)
  to   space 13312K, 0% used [0x00000000e5080000,0x00000000e5080000,0x00000000e5d80000)
 ParOldGen       total 218624K, used 231K [0x00000000a0000000, 0x00000000ad580000, 0x00000000e0000000)
  object space 218624K, 0% used [0x00000000a0000000,0x00000000a0039f68,0x00000000ad580000)
 Metaspace       used 20834K, capacity 21232K, committed 21248K, reserved 1067008K
  class space    used 2919K, capacity 3071K, committed 3072K, reserved 1048576K
Event: 3.588 GC heap after
Heap after GC invocations=3 (full 1):
 PSYoungGen      total 95744K, used 0K [0x00000000e0000000, 0x00000000e6a80000, 0x0000000100000000)
  eden space 82432K, 0% used [0x00000000e0000000,0x00000000e0000000,0x00000000e5080000)
  from space 13312K, 0% used [0x00000000e5d80000,0x00000000e5d80000,0x00000000e6a80000)
  to   space 13312K, 0% used [0x00000000e5080000,0x00000000e5080000,0x00000000e5d80000)
 ParOldGen       total 142336K, used 12993K [0x00000000a0000000, 0x00000000a8b00000, 0x00000000e0000000)
  object space 142336K, 9% used [0x00000000a0000000,0x00000000a0cb0758,0x00000000a8b00000)
 Metaspace       used 20834K, capacity 21232K, committed 21248K, reserved 1067008K
  class space    used 2919K, capacity 3071K, committed 3072K, reserved 1048576K
}
Event: 4.953 GC heap before
{Heap before GC invocations=4 (full 1):
 PSYoungGen      total 95744K, used 82432K [0x00000000e0000000, 0x00000000e6a80000, 0x0000000100000000)
  eden space 82432K, 100% used [0x00000000e0000000,0x00000000e5080000,0x00000000e5080000)
  from space 13312K, 0% used [0x00000000e5d80000,0x00000000e5d80000,0x00000000e6a80000)
  to   space 13312K, 0% used [0x00000000e5080000,0x00000000e5080000,0x00000000e5d80000)
 ParOldGen       total 142336K, used 12993K [0x00000000a0000000, 0x00000000a8b00000, 0x00000000e0000000)
  object space 142336K, 9% used [0x00000000a0000000,0x00000000a0cb0758,0x00000000a8b00000)
 Metaspace       used 27180K, capacity 27852K, committed 28032K, reserved 1073152K
  class space    used 3750K, capacity 3946K, committed 3968K, reserved 1048576K
Event: 4.965 GC heap after
Heap after GC invocations=4 (full 1):
 PSYoungGen      total 95744K, used 8550K [0x00000000e0000000, 0x00000000e8f00000, 0x0000000100000000)
  eden space 82432K, 0% used [0x00000000e0000000,0x00000000e0000000,0x00000000e5080000)
  from space 13312K, 64% used [0x00000000e5080000,0x00000000e58d9ab8,0x00000000e5d80000)
  to   space 13312K, 0% used [0x00000000e8200000,0x00000000e8200000,0x00000000e8f00000)
 ParOldGen       total 142336K, used 13001K [0x00000000a0000000, 0x00000000a8b00000, 0x00000000e0000000)
  object space 142336K, 9% used [0x00000000a0000000,0x00000000a0cb2758,0x00000000a8b00000)
 Metaspace       used 27180K, capacity 27852K, committed 28032K, reserved 1073152K
  class space    used 3750K, capacity 3946K, committed 3968K, reserved 1048576K
}
Event: 6.632 GC heap before
{Heap before GC invocations=5 (full 1):
 PSYoungGen      total 95744K, used 90982K [0x00000000e0000000, 0x00000000e8f00000, 0x0000000100000000)
  eden space 82432K, 100% used [0x00000000e0000000,0x00000000e5080000,0x00000000e5080000)
  from space 13312K, 64% used [0x00000000e5080000,0x00000000e58d9ab8,0x00000000e5d80000)
  to   space 13312K, 0% used [0x00000000e8200000,0x00000000e8200000,0x00000000e8f00000)
 ParOldGen       total 142336K, used 13001K [0x00000000a0000000, 0x00000000a8b00000, 0x00000000e0000000)
  object space 142336K, 9% used [0x00000000a0000000,0x00000000a0cb2758,0x00000000a8b00000)
 Metaspace       used 34557K, capacity 35300K, committed 35416K, reserved 1079296K
  class space    used 4841K, capacity 5091K, committed 5120K, reserved 1048576K
Event: 6.670 GC heap after
Heap after GC invocations=5 (full 1):
 PSYoungGen      total 133120K, used 13305K [0x00000000e0000000, 0x00000000e9680000, 0x0000000100000000)
  eden space 119808K, 0% used [0x00000000e0000000,0x00000000e0000000,0x00000000e7500000)
  from space 13312K, 99% used [0x00000000e8200000,0x00000000e8efe4c8,0x00000000e8f00000)
  to   space 13312K, 0% used [0x00000000e7500000,0x00000000e7500000,0x00000000e8200000)
 ParOldGen       total 142336K, used 13328K [0x00000000a0000000, 0x00000000a8b00000, 0x00000000e0000000)
  object space 142336K, 9% used [0x00000000a0000000,0x00000000a0d042e8,0x00000000a8b00000)
 Metaspace       used 34557K, capacity 35300K, committed 35416K, reserved 1079296K
  class space    used 4841K, capacity 5091K, committed 5120K, reserved 1048576K
}
Event: 6.670 GC heap before
{Heap before GC invocations=6 (full 2):
 PSYoungGen      total 133120K, used 13305K [0x00000000e0000000, 0x00000000e9680000, 0x0000000100000000)
  eden space 119808K, 0% used [0x00000000e0000000,0x00000000e0000000,0x00000000e7500000)
  from space 13312K, 99% used [0x00000000e8200000,0x00000000e8efe4c8,0x00000000e8f00000)
  to   space 13312K, 0% used [0x00000000e7500000,0x00000000e7500000,0x00000000e8200000)
 ParOldGen       total 142336K, used 13328K [0x00000000a0000000, 0x00000000a8b00000, 0x00000000e0000000)
  object space 142336K, 9% used [0x00000000a0000000,0x00000000a0d042e8,0x00000000a8b00000)
 Metaspace       used 34557K, capacity 35300K, committed 35416K, reserved 1079296K
  class space    used 4841K, capacity 5091K, committed 5120K, reserved 1048576K
Event: 6.761 GC heap after
Heap after GC invocations=6 (full 2):
 PSYoungGen      total 133120K, used 0K [0x00000000e0000000, 0x00000000e9680000, 0x0000000100000000)
  eden space 119808K, 0% used [0x00000000e0000000,0x00000000e0000000,0x00000000e7500000)
  from space 13312K, 0% used [0x00000000e8200000,0x00000000e8200000,0x00000000e8f00000)
  to   space 13312K, 0% used [0x00000000e7500000,0x00000000e7500000,0x00000000e8200000)
 ParOldGen       total 231424K, used 20544K [0x00000000a0000000, 0x00000000ae200000, 0x00000000e0000000)
  object space 231424K, 8% used [0x00000000a0000000,0x00000000a14100b0,0x00000000ae200000)
 Metaspace       used 34557K, capacity 35300K, committed 35416K, reserved 1079296K
  class space    used 4841K, capacity 5091K, committed 5120K, reserved 1048576K
}

Deoptimization events (10 events):
Event: 6.168 Thread 0x000000001b10c800 Uncommon trap: reason=unstable_if action=reinterpret pc=0x000000000357e998 method=java.lang.ThreadLocal$ThreadLocalMap.set(Ljava/lang/ThreadLocal;Ljava/lang/Object;)V @ 119
Event: 6.257 Thread 0x000000001b10c800 Uncommon trap: reason=class_check action=maybe_recompile pc=0x0000000003de7740 method=java.io.BufferedInputStream.read1([BII)I @ 39
Event: 6.257 Thread 0x000000001b10c800 Uncommon trap: reason=class_check action=maybe_recompile pc=0x0000000003de7740 method=java.io.BufferedInputStream.read1([BII)I @ 39
Event: 6.257 Thread 0x000000001b10c800 Uncommon trap: reason=class_check action=maybe_recompile pc=0x0000000003de7740 method=java.io.BufferedInputStream.read1([BII)I @ 39
Event: 6.259 Thread 0x000000001b10c800 Uncommon trap: reason=unstable_if action=reinterpret pc=0x0000000003dd7890 method=java.util.regex.Pattern.has(I)Z @ 6
Event: 6.367 Thread 0x000000001b10c800 Uncommon trap: reason=bimorphic action=maybe_recompile pc=0x0000000003d01684 method=java.util.Arrays.binarySearch0([Ljava/lang/Object;IILjava/lang/Object;Ljava/util/Comparator;)I @ 48
Event: 6.367 Thread 0x000000001b10c800 Uncommon trap: reason=bimorphic action=maybe_recompile pc=0x0000000003d01684 method=java.util.Arrays.binarySearch0([Ljava/lang/Object;IILjava/lang/Object;Ljava/util/Comparator;)I @ 48
Event: 6.367 Thread 0x000000001b10c800 Uncommon trap: reason=bimorphic action=maybe_recompile pc=0x0000000003d01684 method=java.util.Arrays.binarySearch0([Ljava/lang/Object;IILjava/lang/Object;Ljava/util/Comparator;)I @ 48
Event: 6.367 Thread 0x000000001b10c800 Uncommon trap: reason=bimorphic action=maybe_recompile pc=0x0000000003d01684 method=java.util.Arrays.binarySearch0([Ljava/lang/Object;IILjava/lang/Object;Ljava/util/Comparator;)I @ 48
Event: 6.431 Thread 0x000000001b10c800 Uncommon trap: reason=unstable_if action=reinterpret pc=0x00000000039af0b8 method=sun.misc.MetaIndex.mayContain(Ljava/lang/String;)Z @ 38

Classes redefined (0 events):
No events

Internal exceptions (10 events):
Event: 6.125 Thread 0x000000001b10c800 Exception <a 'java/lang/ClassNotFoundException': org/gradle/api/internal/ConventionTaskBeanInfo> (0x00000000e3c130a0) thrown at [D:\src\AOSP-openjdk-cygwin\jdk8u\hotspot\src\share\vm\classfile\systemDictionary.cpp, line 210]
Event: 6.126 Thread 0x000000001b10c800 Exception <a 'java/lang/ClassNotFoundException': org/gradle/api/DefaultTaskBeanInfo> (0x00000000e3c35c78) thrown at [D:\src\AOSP-openjdk-cygwin\jdk8u\hotspot\src\share\vm\classfile\systemDictionary.cpp, line 210]
Event: 6.126 Thread 0x000000001b10c800 Exception <a 'java/lang/ClassNotFoundException': org/gradle/api/internal/AbstractTaskBeanInfo> (0x00000000e3c5ee60) thrown at [D:\src\AOSP-openjdk-cygwin\jdk8u\hotspot\src\share\vm\classfile\systemDictionary.cpp, line 210]
Event: 6.127 Thread 0x000000001b10c800 Exception <a 'java/lang/ClassNotFoundException': org/gradle/api/internal/AbstractTaskCustomizer> (0x00000000e3c88c18) thrown at [D:\src\AOSP-openjdk-cygwin\jdk8u\hotspot\src\share\vm\classfile\systemDictionary.cpp, line 210]
Event: 6.131 Thread 0x000000001b10c800 Exception <a 'java/lang/ClassNotFoundException': org/gradle/api/DefaultTaskCustomizer> (0x00000000e3d108f8) thrown at [D:\src\AOSP-openjdk-cygwin\jdk8u\hotspot\src\share\vm\classfile\systemDictionary.cpp, line 210]
Event: 6.134 Thread 0x000000001b10c800 Exception <a 'java/lang/ClassNotFoundException': org/gradle/api/internal/ConventionTaskCustomizer> (0x00000000e3d4a070) thrown at [D:\src\AOSP-openjdk-cygwin\jdk8u\hotspot\src\share\vm\classfile\systemDictionary.cpp, line 210]
Event: 6.136 Thread 0x000000001b10c800 Exception <a 'java/lang/ClassNotFoundException': org/gradle/api/tasks/DeleteCustomizer> (0x00000000e3d81870) thrown at [D:\src\AOSP-openjdk-cygwin\jdk8u\hotspot\src\share\vm\classfile\systemDictionary.cpp, line 210]
Event: 6.138 Thread 0x000000001b10c800 Exception <a 'java/lang/ClassNotFoundException': org/gradle/api/tasks/Delete_DecoratedCustomizer> (0x00000000e3dc6bc8) thrown at [D:\src\AOSP-openjdk-cygwin\jdk8u\hotspot\src\share\vm\classfile\systemDictionary.cpp, line 210]
Event: 6.178 Thread 0x000000001b10c800 Exception <a 'java/lang/ClassNotFoundException': build_axd1j90toupkm171t7w8y46wgBeanInfo> (0x00000000e3ed5940) thrown at [D:\src\AOSP-openjdk-cygwin\jdk8u\hotspot\src\share\vm\classfile\systemDictionary.cpp, line 210]
Event: 6.179 Thread 0x000000001b10c800 Exception <a 'java/lang/ClassNotFoundException': build_axd1j90toupkm171t7w8y46wgCustomizer> (0x00000000e3edfe08) thrown at [D:\src\AOSP-openjdk-cygwin\jdk8u\hotspot\src\share\vm\classfile\systemDictionary.cpp, line 210]

Events (10 events):
Event: 6.844 loading class com/google/common/cache/LocalCache$LoadingValueReference
Event: 6.844 loading class com/google/common/cache/LocalCache$LoadingValueReference done
Event: 6.845 loading class com/google/common/util/concurrent/ListenableFuture
Event: 6.845 loading class com/google/common/util/concurrent/ListenableFuture done
Event: 6.845 loading class com/google/common/util/concurrent/SettableFuture
Event: 6.845 loading class com/google/common/util/concurrent/SettableFuture done
Event: 6.846 loading class com/google/common/util/concurrent/AbstractFuture$TrustedFuture
Event: 6.846 loading class com/google/common/util/concurrent/AbstractFuture$TrustedFuture done
Event: 6.846 loading class com/google/common/util/concurrent/AbstractFuture
Event: 6.846 loading class com/google/common/util/concurrent/AbstractFuture done


Dynamic libraries:
0x00007ff7870a0000 - 0x00007ff7870d1000 	F:\Android Studio\jre\bin\java.exe
0x00007ffc6f3e0000 - 0x00007ffc6f5c1000 	C:\WINDOWS\SYSTEM32\ntdll.dll
0x00007ffc6c870000 - 0x00007ffc6c922000 	C:\WINDOWS\System32\KERNEL32.DLL
0x00007ffc6b7b0000 - 0x00007ffc6ba23000 	C:\WINDOWS\System32\KERNELBASE.dll
0x00007ffc6edb0000 - 0x00007ffc6ee51000 	C:\WINDOWS\System32\ADVAPI32.dll
0x00007ffc6d5a0000 - 0x00007ffc6d63e000 	C:\WINDOWS\System32\msvcrt.dll
0x00007ffc6cfc0000 - 0x00007ffc6d01b000 	C:\WINDOWS\System32\sechost.dll
0x00007ffc6d020000 - 0x00007ffc6d144000 	C:\WINDOWS\System32\RPCRT4.dll
0x00007ffc6cdc0000 - 0x00007ffc6cf50000 	C:\WINDOWS\System32\USER32.dll
0x00007ffc6bc60000 - 0x00007ffc6bc80000 	C:\WINDOWS\System32\win32u.dll
0x00007ffc6d360000 - 0x00007ffc6d388000 	C:\WINDOWS\System32\GDI32.dll
0x00007ffc6c620000 - 0x00007ffc6c7b2000 	C:\WINDOWS\System32\gdi32full.dll
0x00007ffc6c580000 - 0x00007ffc6c61f000 	C:\WINDOWS\System32\msvcp_win.dll
0x00007ffc6bae0000 - 0x00007ffc6bbda000 	C:\WINDOWS\System32\ucrtbase.dll
0x00007ffc5d300000 - 0x00007ffc5d569000 	C:\WINDOWS\WinSxS\amd64_microsoft.windows.common-controls_6595b64144ccf1df_6.0.17134.165_none_fb429645306569ac\COMCTL32.dll
0x00007ffc6c930000 - 0x00007ffc6cc53000 	C:\WINDOWS\System32\combase.dll
0x00007ffc6bbe0000 - 0x00007ffc6bc5a000 	C:\WINDOWS\System32\bcryptPrimitives.dll
0x00007ffc6f2b0000 - 0x00007ffc6f2dd000 	C:\WINDOWS\System32\IMM32.DLL
0x0000000071fc0000 - 0x0000000072092000 	F:\Android Studio\jre\jre\bin\msvcr100.dll
0x0000000074810000 - 0x000000007504f000 	F:\Android Studio\jre\jre\bin\server\jvm.dll
0x00007ffc6ec20000 - 0x00007ffc6ec28000 	C:\WINDOWS\System32\PSAPI.DLL
0x00007ffc629f0000 - 0x00007ffc629f9000 	C:\WINDOWS\SYSTEM32\WSOCK32.dll
0x00007ffc67680000 - 0x00007ffc6768a000 	C:\WINDOWS\SYSTEM32\VERSION.dll
0x00007ffc61da0000 - 0x00007ffc61dc3000 	C:\WINDOWS\SYSTEM32\WINMM.dll
0x00007ffc6ed40000 - 0x00007ffc6edac000 	C:\WINDOWS\System32\WS2_32.dll
0x00007ffc61380000 - 0x00007ffc613aa000 	C:\WINDOWS\SYSTEM32\winmmbase.dll
0x00007ffc6c7c0000 - 0x00007ffc6c809000 	C:\WINDOWS\System32\cfgmgr32.dll
0x00007ffc67160000 - 0x00007ffc6716f000 	F:\Android Studio\jre\jre\bin\verify.dll
0x00007ffc62d10000 - 0x00007ffc62d39000 	F:\Android Studio\jre\jre\bin\java.dll
0x00007ffc59680000 - 0x00007ffc59696000 	F:\Android Studio\jre\jre\bin\zip.dll
0x00007ffc6d7e0000 - 0x00007ffc6ec20000 	C:\WINDOWS\System32\SHELL32.dll
0x00007ffc6ec30000 - 0x00007ffc6ecd9000 	C:\WINDOWS\System32\shcore.dll
0x00007ffc6bc80000 - 0x00007ffc6c38d000 	C:\WINDOWS\System32\windows.storage.dll
0x00007ffc6cf50000 - 0x00007ffc6cfa1000 	C:\WINDOWS\System32\shlwapi.dll
0x00007ffc6b770000 - 0x00007ffc6b781000 	C:\WINDOWS\System32\kernel.appcore.dll
0x00007ffc6b750000 - 0x00007ffc6b76f000 	C:\WINDOWS\System32\profapi.dll
0x00007ffc6b6f0000 - 0x00007ffc6b73c000 	C:\WINDOWS\System32\powrprof.dll
0x00007ffc6b740000 - 0x00007ffc6b74a000 	C:\WINDOWS\System32\FLTLIB.DLL
0x00007ffc56fe0000 - 0x00007ffc56ffa000 	F:\Android Studio\jre\jre\bin\net.dll
0x00007ffc6af70000 - 0x00007ffc6afd6000 	C:\WINDOWS\system32\mswsock.dll
0x00007ffc56ef0000 - 0x00007ffc56f01000 	F:\Android Studio\jre\jre\bin\nio.dll
0x00007ffc5a7d0000 - 0x00007ffc5a7ee000 	C:\Users\Cyrus\.gradle\native\25\windows-amd64\native-platform.dll
0x00007ffc67090000 - 0x00007ffc6709d000 	F:\Android Studio\jre\jre\bin\management.dll
0x00007ffc6b120000 - 0x00007ffc6b137000 	C:\WINDOWS\SYSTEM32\CRYPTSP.dll
0x00007ffc6aaf0000 - 0x00007ffc6ab23000 	C:\WINDOWS\system32\rsaenh.dll
0x00007ffc6b250000 - 0x00007ffc6b275000 	C:\WINDOWS\SYSTEM32\bcrypt.dll
0x00007ffc6b620000 - 0x00007ffc6b648000 	C:\WINDOWS\SYSTEM32\USERENV.dll
0x00007ffc6b140000 - 0x00007ffc6b14b000 	C:\WINDOWS\SYSTEM32\CRYPTBASE.dll
0x00007ffc6ac90000 - 0x00007ffc6acc8000 	C:\WINDOWS\SYSTEM32\IPHLPAPI.DLL
0x00007ffc6cfb0000 - 0x00007ffc6cfb8000 	C:\WINDOWS\System32\NSI.dll
0x00007ffc65e50000 - 0x00007ffc65e66000 	C:\WINDOWS\SYSTEM32\dhcpcsvc6.DLL
0x00007ffc66630000 - 0x00007ffc6664a000 	C:\WINDOWS\SYSTEM32\dhcpcsvc.DLL

VM Arguments:
jvm_args: -Xmx1536m -Dfile.encoding=windows-1252 -Duser.country=US -Duser.language=en -Duser.variant 
java_command: org.gradle.launcher.daemon.bootstrap.GradleDaemon 4.4
java_class_path (initial): C:\Users\Cyrus\.gradle\wrapper\dists\gradle-4.4-all\9br9xq1tocpiv8o6njlyu5op1\gradle-4.4\lib\gradle-launcher-4.4.jar
Launcher Type: SUN_STANDARD

Environment Variables:
PATH=C:\Program Files\NVIDIA GPU Computing Toolkit\CUDA\v9.0\bin;C:\Program Files\NVIDIA GPU Computing Toolkit\CUDA\v9.0\libnvvp;C:\Program Files\NVIDIA GPU Computing Toolkit\CUDA\v9.1\bin;C:\Program Files\NVIDIA GPU Computing Toolkit\CUDA\v9.1\libnvvp;C:\Program Files\Python36\Scripts\;C:\Program Files\Python36\;C:\ProgramData\Oracle\Java\javapath;C:\Program Files (x86)\Intel\iCLS Client\;C:\Program Files\Intel\iCLS Client\;C:\Windows\system32;C:\Windows;C:\Windows\System32\Wbem;C:\Windows\System32\WindowsPowerShell\v1.0\;C:\Program Files (x86)\Windows Live\Shared;C:\Program Files\Intel\Intel(R) Management Engine Components\DAL;C:\Program Files\Intel\Intel(R) Management Engine Components\IPT;C:\Program Files (x86)\Intel\Intel(R) Management Engine Components\DAL;C:\Program Files (x86)\Intel\Intel(R) Management Engine Components\IPT;C:\Program Files (x86)\NVIDIA Corporation\PhysX\Common;C:\WINDOWS\system32;C:\WINDOWS;C:\WINDOWS\System32\Wbem;C:\WINDOWS\System32\WindowsPowerShell\v1.0\;C:\Python27\;C:\Program Files (x86)\Skype\Phone\;F:\Program Files\Git\cmd;F:\Anaconda3;F:\Anaconda3\Scripts;F:\cudnn\cuda\bin;C:\WINDOWS\system32;C:\WINDOWS;C:\WINDOWS\System32\Wbem;C:\WINDOWS\System32\WindowsPowerShell\v1.0\;C:\WINDOWS\System32\OpenSSH\;F:\sqlite;C:\Users\Cyrus\AppData\Local\Microsoft\WindowsApps;C:\Program Files (x86)\Java\jre1.8.0_131\bin;C:\gradle-4.3.1\bin;C:\Users\Cyrus\AppData\Local\GitHubDesktop\bin;%USERPROFILE%\AppData\Local\Microsoft\WindowsApps;
USERNAME=Cyrus
OS=Windows_NT
PROCESSOR_IDENTIFIER=Intel64 Family 6 Model 60 Stepping 3, GenuineIntel



---------------  S Y S T E M  ---------------

OS: Windows 10.0 , 64 bit Build 17134 (10.0.17134.1)

CPU:total 8 (initial active 8) (4 cores per cpu, 2 threads per core) family 6 model 60 stepping 3, cmov, cx8, fxsr, mmx, sse, sse2, sse3, ssse3, sse4.1, sse4.2, popcnt, avx, avx2, aes, clmul, erms, lzcnt, ht, tsc, tscinvbit, bmi1, bmi2

Memory: 4k page, physical 20887048k(2815396k free), swap 20887048k(4840k free)

vm_info: OpenJDK 64-Bit Server VM (25.152-b02) for windows-amd64 JRE (1.8.0_152-release-1024-b02), built by "builder" with MS VC++ 10.0 (VS2010)

time: Fri Jul 13 19:05:32 2018
elapsed time: 6 seconds (0d 0h 0m 6s)

